#
# A fatal error has been detected by the Java Runtime Environment:
#
#  Internal Error (t:/workspace/open/src/hotspot/share/oops/generateOopMap.cpp:1633), pid=16140, tid=19128
#  Error: ShouldNotReachHere()
#
# JRE version: Java(TM) SE Runtime Environment (13.0.2+8) (build 13.0.2+8)
# Java VM: Java HotSpot(TM) 64-Bit Server VM (13.0.2+8, mixed mode, sharing, tiered, compressed oops, g1 gc, windows-amd64)
# No core dump will be written. Minidumps are not enabled by default on client versions of Windows
#
# If you would like to submit a bug report, please visit:
#   http://bugreport.java.com/bugreport/crash.jsp
#

---------------  S U M M A R Y ------------

Command Line: -agentlib:jdwp=transport=dt_socket,suspend=y,address=localhost:53962 -javaagent:C:\Users\boshe\eclipse\java-2020-03\eclipse\configuration\org.eclipse.osgi\223\0\.cp\lib\javaagent-shaded.jar -Dfile.encoding=UTF-8 Main

Host: Intel(R) Core(TM) i7-9750H CPU @ 2.60GHz, 12 cores, 15G,  Windows 10 , 64 bit Build 18362 (10.0.18362.1082)
Time: Wed Sep 16 23:15:06 2020 Eastern Daylight Time elapsed time: 990 seconds (0d 0h 16m 30s)

---------------  T H R E A D  ---------------

Current thread (0x0000028b12660800):  JavaThread "JDWP Transport Listener: dt_socket" daemon [_thread_in_vm, id=19128, stack(0x0000008d44c00000,0x0000008d44d00000)] _threads_hazard_ptr=0x0000028b1353b2c0

Stack: [0x0000008d44c00000,0x0000008d44d00000]
Native frames: (J=compiled Java code, j=interpreted, Vv=VM code, C=native code)
V  [jvm.dll+0x624f9a]
V  [jvm.dll+0x770cfa]
V  [jvm.dll+0x7724af]
V  [jvm.dll+0x772a67]
V  [jvm.dll+0x24be8c]
V  [jvm.dll+0x24bdf3]
V  [jvm.dll+0x331fc7]
V  [jvm.dll+0x33235e]
V  [jvm.dll+0x32fbcc]
V  [jvm.dll+0x32ee02]
V  [jvm.dll+0x6141e5]
V  [jvm.dll+0x613f6d]
V  [jvm.dll+0x5ddb03]
V  [jvm.dll+0x76840f]
V  [jvm.dll+0x4f6476]
V  [jvm.dll+0x7776dd]
V  [jvm.dll+0x4dc54e]
V  [jvm.dll+0x4a0d60]
C  [jdwp.dll+0x7bbc]


---------------  P R O C E S S  ---------------

Threads class SMR info:
_java_thread_list=0x0000028b1353b2c0, length=13, elements={
0x0000028b6bcfd800, 0x0000028b11b9e800, 0x0000028b11ba2000, 0x0000028b1243d800,
0x0000028b1243f800, 0x0000028b12446000, 0x0000028b1244b800, 0x0000028b12457000,
0x0000028b12572000, 0x0000028b12660800, 0x0000028b125fb000, 0x0000028b12617000,
0x0000028b12713800
}

Java Threads: ( => current thread )
  0x0000028b6bcfd800 JavaThread "main" [_thread_blocked, id=21040, stack(0x0000008d43c00000,0x0000008d43d00000)]
  0x0000028b11b9e800 JavaThread "Reference Handler" daemon [_thread_blocked, id=17548, stack(0x0000008d44300000,0x0000008d44400000)]
  0x0000028b11ba2000 JavaThread "Finalizer" daemon [_thread_blocked, id=17968, stack(0x0000008d44400000,0x0000008d44500000)]
  0x0000028b1243d800 JavaThread "Signal Dispatcher" daemon [_thread_blocked, id=1468, stack(0x0000008d44500000,0x0000008d44600000)]
  0x0000028b1243f800 JavaThread "Attach Listener" daemon [_thread_blocked, id=24328, stack(0x0000008d44600000,0x0000008d44700000)]
  0x0000028b12446000 JavaThread "C2 CompilerThread0" daemon [_thread_blocked, id=25640, stack(0x0000008d44700000,0x0000008d44800000)]
  0x0000028b1244b800 JavaThread "C1 CompilerThread0" daemon [_thread_blocked, id=10680, stack(0x0000008d44800000,0x0000008d44900000)]
  0x0000028b12457000 JavaThread "Sweeper thread" daemon [_thread_blocked, id=18668, stack(0x0000008d44900000,0x0000008d44a00000)]
  0x0000028b12572000 JavaThread "Common-Cleaner" daemon [_thread_blocked, id=19172, stack(0x0000008d44a00000,0x0000008d44b00000)]
=>0x0000028b12660800 JavaThread "JDWP Transport Listener: dt_socket" daemon [_thread_in_vm, id=19128, stack(0x0000008d44c00000,0x0000008d44d00000)] _threads_hazard_ptr=0x0000028b1353b2c0
  0x0000028b125fb000 JavaThread "JDWP Event Helper Thread" daemon [_thread_blocked, id=9264, stack(0x0000008d44d00000,0x0000008d44e00000)]
  0x0000028b12617000 JavaThread "JDWP Command Reader" daemon [_thread_in_native, id=21200, stack(0x0000008d44e00000,0x0000008d44f00000)]
  0x0000028b12713800 JavaThread "Service Thread" daemon [_thread_blocked, id=6944, stack(0x0000008d44f00000,0x0000008d45000000)]

Other Threads:
  0x0000028b11b9a800 VMThread "VM Thread" [stack: 0x0000008d44200000,0x0000008d44300000] [id=21424]
  0x0000028b12745000 WatcherThread [stack: 0x0000008d45000000,0x0000008d45100000] [id=23244]
  0x0000028b6bd69000 GCTaskThread "GC Thread#0" [stack: 0x0000008d43d00000,0x0000008d43e00000] [id=10164]
  0x0000028b13c0a800 GCTaskThread "GC Thread#1" [stack: 0x0000008d45300000,0x0000008d45400000] [id=9708]
  0x0000028b13673800 GCTaskThread "GC Thread#2" [stack: 0x0000008d45400000,0x0000008d45500000] [id=6172]
  0x0000028b13bb3000 GCTaskThread "GC Thread#3" [stack: 0x0000008d45500000,0x0000008d45600000] [id=18308]
  0x0000028b1542e000 GCTaskThread "GC Thread#4" [stack: 0x0000008d45600000,0x0000008d45700000] [id=1544]
  0x0000028b157c4000 GCTaskThread "GC Thread#5" [stack: 0x0000008d45700000,0x0000008d45800000] [id=12356]
  0x0000028b6bd8d000 ConcurrentGCThread "G1 Main Marker" [stack: 0x0000008d43e00000,0x0000008d43f00000] [id=22112]
  0x0000028b6bd8f000 ConcurrentGCThread "G1 Conc#0" [stack: 0x0000008d43f00000,0x0000008d44000000] [id=22636]
  0x0000028b11a8e000 ConcurrentGCThread "G1 Refine#0" [stack: 0x0000008d44000000,0x0000008d44100000] [id=20504]
  0x0000028b11a8f000 ConcurrentGCThread "G1 Young RemSet Sampling" [stack: 0x0000008d44100000,0x0000008d44200000] [id=18848]

Threads with active compile tasks:

VM state:not at safepoint (normal execution)

VM Mutex/Monitor currently owned by a thread: None

Heap address: 0x0000000702600000, size: 4058 MB, Compressed Oops mode: Zero based, Oop shift amount: 3
Narrow klass base: 0x0000000800000000, Narrow klass shift: 3
Compressed class space size: 1073741824 Address: 0x0000000800b40000

Heap:
 garbage-first heap   total 260096K, used 12735K [0x0000000702600000, 0x0000000800000000)
  region size 1024K, 13 young (13312K), 3 survivors (3072K)
 Metaspace       used 9687K, capacity 9878K, committed 10112K, reserved 1058816K
  class space    used 1008K, capacity 1095K, committed 1152K, reserved 1048576K
Heap Regions: E=young(eden), S=young(survivor), O=old, HS=humongous(starts), HC=humongous(continues), CS=collection set, F=free, A=archive, TAMS=top-at-mark-start (previous, next)
|   0|0x0000000702600000, 0x000000070266fc00, 0x0000000702700000| 43%| O|  |TAMS 0x0000000702600000, 0x0000000702600000| Untracked 
|   1|0x0000000702700000, 0x0000000702700000, 0x0000000702800000|  0%| F|  |TAMS 0x0000000702700000, 0x0000000702700000| Untracked 
|   2|0x0000000702800000, 0x0000000702800000, 0x0000000702900000|  0%| F|  |TAMS 0x0000000702800000, 0x0000000702800000| Untracked 
|   3|0x0000000702900000, 0x0000000702900000, 0x0000000702a00000|  0%| F|  |TAMS 0x0000000702900000, 0x0000000702900000| Untracked 
|   4|0x0000000702a00000, 0x0000000702a00000, 0x0000000702b00000|  0%| F|  |TAMS 0x0000000702a00000, 0x0000000702a00000| Untracked 
|   5|0x0000000702b00000, 0x0000000702b00000, 0x0000000702c00000|  0%| F|  |TAMS 0x0000000702b00000, 0x0000000702b00000| Untracked 
|   6|0x0000000702c00000, 0x0000000702c00000, 0x0000000702d00000|  0%| F|  |TAMS 0x0000000702c00000, 0x0000000702c00000| Untracked 
|   7|0x0000000702d00000, 0x0000000702d00000, 0x0000000702e00000|  0%| F|  |TAMS 0x0000000702d00000, 0x0000000702d00000| Untracked 
|   8|0x0000000702e00000, 0x0000000702e00000, 0x0000000702f00000|  0%| F|  |TAMS 0x0000000702e00000, 0x0000000702e00000| Untracked 
|   9|0x0000000702f00000, 0x0000000702f00000, 0x0000000703000000|  0%| F|  |TAMS 0x0000000702f00000, 0x0000000702f00000| Untracked 
|  10|0x0000000703000000, 0x0000000703000000, 0x0000000703100000|  0%| F|  |TAMS 0x0000000703000000, 0x0000000703000000| Untracked 
|  11|0x0000000703100000, 0x0000000703100000, 0x0000000703200000|  0%| F|  |TAMS 0x0000000703100000, 0x0000000703100000| Untracked 
|  12|0x0000000703200000, 0x0000000703200000, 0x0000000703300000|  0%| F|  |TAMS 0x0000000703200000, 0x0000000703200000| Untracked 
|  13|0x0000000703300000, 0x0000000703300000, 0x0000000703400000|  0%| F|  |TAMS 0x0000000703300000, 0x0000000703300000| Untracked 
|  14|0x0000000703400000, 0x0000000703400000, 0x0000000703500000|  0%| F|  |TAMS 0x0000000703400000, 0x0000000703400000| Untracked 
|  15|0x0000000703500000, 0x0000000703500000, 0x0000000703600000|  0%| F|  |TAMS 0x0000000703500000, 0x0000000703500000| Untracked 
|  16|0x0000000703600000, 0x0000000703600000, 0x0000000703700000|  0%| F|  |TAMS 0x0000000703600000, 0x0000000703600000| Untracked 
|  17|0x0000000703700000, 0x0000000703700000, 0x0000000703800000|  0%| F|  |TAMS 0x0000000703700000, 0x0000000703700000| Untracked 
|  18|0x0000000703800000, 0x0000000703800000, 0x0000000703900000|  0%| F|  |TAMS 0x0000000703800000, 0x0000000703800000| Untracked 
|  19|0x0000000703900000, 0x0000000703900000, 0x0000000703a00000|  0%| F|  |TAMS 0x0000000703900000, 0x0000000703900000| Untracked 
|  20|0x0000000703a00000, 0x0000000703a00000, 0x0000000703b00000|  0%| F|  |TAMS 0x0000000703a00000, 0x0000000703a00000| Untracked 
|  21|0x0000000703b00000, 0x0000000703b00000, 0x0000000703c00000|  0%| F|  |TAMS 0x0000000703b00000, 0x0000000703b00000| Untracked 
|  22|0x0000000703c00000, 0x0000000703c00000, 0x0000000703d00000|  0%| F|  |TAMS 0x0000000703c00000, 0x0000000703c00000| Untracked 
|  23|0x0000000703d00000, 0x0000000703d00000, 0x0000000703e00000|  0%| F|  |TAMS 0x0000000703d00000, 0x0000000703d00000| Untracked 
|  24|0x0000000703e00000, 0x0000000703e00000, 0x0000000703f00000|  0%| F|  |TAMS 0x0000000703e00000, 0x0000000703e00000| Untracked 
|  25|0x0000000703f00000, 0x0000000703f00000, 0x0000000704000000|  0%| F|  |TAMS 0x0000000703f00000, 0x0000000703f00000| Untracked 
|  26|0x0000000704000000, 0x0000000704000000, 0x0000000704100000|  0%| F|  |TAMS 0x0000000704000000, 0x0000000704000000| Untracked 
|  27|0x0000000704100000, 0x0000000704100000, 0x0000000704200000|  0%| F|  |TAMS 0x0000000704100000, 0x0000000704100000| Untracked 
|  28|0x0000000704200000, 0x0000000704200000, 0x0000000704300000|  0%| F|  |TAMS 0x0000000704200000, 0x0000000704200000| Untracked 
|  29|0x0000000704300000, 0x0000000704300000, 0x0000000704400000|  0%| F|  |TAMS 0x0000000704300000, 0x0000000704300000| Untracked 
|  30|0x0000000704400000, 0x0000000704400000, 0x0000000704500000|  0%| F|  |TAMS 0x0000000704400000, 0x0000000704400000| Untracked 
|  31|0x0000000704500000, 0x0000000704500000, 0x0000000704600000|  0%| F|  |TAMS 0x0000000704500000, 0x0000000704500000| Untracked 
|  32|0x0000000704600000, 0x0000000704600000, 0x0000000704700000|  0%| F|  |TAMS 0x0000000704600000, 0x0000000704600000| Untracked 
|  33|0x0000000704700000, 0x0000000704700000, 0x0000000704800000|  0%| F|  |TAMS 0x0000000704700000, 0x0000000704700000| Untracked 
|  34|0x0000000704800000, 0x0000000704800000, 0x0000000704900000|  0%| F|  |TAMS 0x0000000704800000, 0x0000000704800000| Untracked 
|  35|0x0000000704900000, 0x0000000704900000, 0x0000000704a00000|  0%| F|  |TAMS 0x0000000704900000, 0x0000000704900000| Untracked 
|  36|0x0000000704a00000, 0x0000000704a00000, 0x0000000704b00000|  0%| F|  |TAMS 0x0000000704a00000, 0x0000000704a00000| Untracked 
|  37|0x0000000704b00000, 0x0000000704b00000, 0x0000000704c00000|  0%| F|  |TAMS 0x0000000704b00000, 0x0000000704b00000| Untracked 
|  38|0x0000000704c00000, 0x0000000704c00000, 0x0000000704d00000|  0%| F|  |TAMS 0x0000000704c00000, 0x0000000704c00000| Untracked 
|  39|0x0000000704d00000, 0x0000000704d00000, 0x0000000704e00000|  0%| F|  |TAMS 0x0000000704d00000, 0x0000000704d00000| Untracked 
|  40|0x0000000704e00000, 0x0000000704e00000, 0x0000000704f00000|  0%| F|  |TAMS 0x0000000704e00000, 0x0000000704e00000| Untracked 
|  41|0x0000000704f00000, 0x0000000704f00000, 0x0000000705000000|  0%| F|  |TAMS 0x0000000704f00000, 0x0000000704f00000| Untracked 
|  42|0x0000000705000000, 0x0000000705000000, 0x0000000705100000|  0%| F|  |TAMS 0x0000000705000000, 0x0000000705000000| Untracked 
|  43|0x0000000705100000, 0x0000000705100000, 0x0000000705200000|  0%| F|  |TAMS 0x0000000705100000, 0x0000000705100000| Untracked 
|  44|0x0000000705200000, 0x0000000705200000, 0x0000000705300000|  0%| F|  |TAMS 0x0000000705200000, 0x0000000705200000| Untracked 
|  45|0x0000000705300000, 0x0000000705300000, 0x0000000705400000|  0%| F|  |TAMS 0x0000000705300000, 0x0000000705300000| Untracked 
|  46|0x0000000705400000, 0x0000000705400000, 0x0000000705500000|  0%| F|  |TAMS 0x0000000705400000, 0x0000000705400000| Untracked 
|  47|0x0000000705500000, 0x0000000705500000, 0x0000000705600000|  0%| F|  |TAMS 0x0000000705500000, 0x0000000705500000| Untracked 
|  48|0x0000000705600000, 0x0000000705600000, 0x0000000705700000|  0%| F|  |TAMS 0x0000000705600000, 0x0000000705600000| Untracked 
|  49|0x0000000705700000, 0x0000000705700000, 0x0000000705800000|  0%| F|  |TAMS 0x0000000705700000, 0x0000000705700000| Untracked 
|  50|0x0000000705800000, 0x0000000705800000, 0x0000000705900000|  0%| F|  |TAMS 0x0000000705800000, 0x0000000705800000| Untracked 
|  51|0x0000000705900000, 0x0000000705900000, 0x0000000705a00000|  0%| F|  |TAMS 0x0000000705900000, 0x0000000705900000| Untracked 
|  52|0x0000000705a00000, 0x0000000705a00000, 0x0000000705b00000|  0%| F|  |TAMS 0x0000000705a00000, 0x0000000705a00000| Untracked 
|  53|0x0000000705b00000, 0x0000000705b00000, 0x0000000705c00000|  0%| F|  |TAMS 0x0000000705b00000, 0x0000000705b00000| Untracked 
|  54|0x0000000705c00000, 0x0000000705c00000, 0x0000000705d00000|  0%| F|  |TAMS 0x0000000705c00000, 0x0000000705c00000| Untracked 
|  55|0x0000000705d00000, 0x0000000705d00000, 0x0000000705e00000|  0%| F|  |TAMS 0x0000000705d00000, 0x0000000705d00000| Untracked 
|  56|0x0000000705e00000, 0x0000000705e00000, 0x0000000705f00000|  0%| F|  |TAMS 0x0000000705e00000, 0x0000000705e00000| Untracked 
|  57|0x0000000705f00000, 0x0000000705f00000, 0x0000000706000000|  0%| F|  |TAMS 0x0000000705f00000, 0x0000000705f00000| Untracked 
|  58|0x0000000706000000, 0x0000000706000000, 0x0000000706100000|  0%| F|  |TAMS 0x0000000706000000, 0x0000000706000000| Untracked 
|  59|0x0000000706100000, 0x0000000706100000, 0x0000000706200000|  0%| F|  |TAMS 0x0000000706100000, 0x0000000706100000| Untracked 
|  60|0x0000000706200000, 0x0000000706200000, 0x0000000706300000|  0%| F|  |TAMS 0x0000000706200000, 0x0000000706200000| Untracked 
|  61|0x0000000706300000, 0x0000000706300000, 0x0000000706400000|  0%| F|  |TAMS 0x0000000706300000, 0x0000000706300000| Untracked 
|  62|0x0000000706400000, 0x0000000706400000, 0x0000000706500000|  0%| F|  |TAMS 0x0000000706400000, 0x0000000706400000| Untracked 
|  63|0x0000000706500000, 0x0000000706500000, 0x0000000706600000|  0%| F|  |TAMS 0x0000000706500000, 0x0000000706500000| Untracked 
|  64|0x0000000706600000, 0x0000000706600000, 0x0000000706700000|  0%| F|  |TAMS 0x0000000706600000, 0x0000000706600000| Untracked 
|  65|0x0000000706700000, 0x0000000706700000, 0x0000000706800000|  0%| F|  |TAMS 0x0000000706700000, 0x0000000706700000| Untracked 
|  66|0x0000000706800000, 0x0000000706800000, 0x0000000706900000|  0%| F|  |TAMS 0x0000000706800000, 0x0000000706800000| Untracked 
|  67|0x0000000706900000, 0x0000000706900000, 0x0000000706a00000|  0%| F|  |TAMS 0x0000000706900000, 0x0000000706900000| Untracked 
|  68|0x0000000706a00000, 0x0000000706a00000, 0x0000000706b00000|  0%| F|  |TAMS 0x0000000706a00000, 0x0000000706a00000| Untracked 
|  69|0x0000000706b00000, 0x0000000706b00000, 0x0000000706c00000|  0%| F|  |TAMS 0x0000000706b00000, 0x0000000706b00000| Untracked 
|  70|0x0000000706c00000, 0x0000000706c00000, 0x0000000706d00000|  0%| F|  |TAMS 0x0000000706c00000, 0x0000000706c00000| Untracked 
|  71|0x0000000706d00000, 0x0000000706d00000, 0x0000000706e00000|  0%| F|  |TAMS 0x0000000706d00000, 0x0000000706d00000| Untracked 
|  72|0x0000000706e00000, 0x0000000706e00000, 0x0000000706f00000|  0%| F|  |TAMS 0x0000000706e00000, 0x0000000706e00000| Untracked 
|  73|0x0000000706f00000, 0x0000000706f00000, 0x0000000707000000|  0%| F|  |TAMS 0x0000000706f00000, 0x0000000706f00000| Untracked 
|  74|0x0000000707000000, 0x0000000707000000, 0x0000000707100000|  0%| F|  |TAMS 0x0000000707000000, 0x0000000707000000| Untracked 
|  75|0x0000000707100000, 0x0000000707100000, 0x0000000707200000|  0%| F|  |TAMS 0x0000000707100000, 0x0000000707100000| Untracked 
|  76|0x0000000707200000, 0x0000000707200000, 0x0000000707300000|  0%| F|  |TAMS 0x0000000707200000, 0x0000000707200000| Untracked 
|  77|0x0000000707300000, 0x0000000707300000, 0x0000000707400000|  0%| F|  |TAMS 0x0000000707300000, 0x0000000707300000| Untracked 
|  78|0x0000000707400000, 0x0000000707400000, 0x0000000707500000|  0%| F|  |TAMS 0x0000000707400000, 0x0000000707400000| Untracked 
|  79|0x0000000707500000, 0x0000000707500000, 0x0000000707600000|  0%| F|  |TAMS 0x0000000707500000, 0x0000000707500000| Untracked 
|  80|0x0000000707600000, 0x0000000707600000, 0x0000000707700000|  0%| F|  |TAMS 0x0000000707600000, 0x0000000707600000| Untracked 
|  81|0x0000000707700000, 0x0000000707700000, 0x0000000707800000|  0%| F|  |TAMS 0x0000000707700000, 0x0000000707700000| Untracked 
|  82|0x0000000707800000, 0x0000000707800000, 0x0000000707900000|  0%| F|  |TAMS 0x0000000707800000, 0x0000000707800000| Untracked 
|  83|0x0000000707900000, 0x0000000707900000, 0x0000000707a00000|  0%| F|  |TAMS 0x0000000707900000, 0x0000000707900000| Untracked 
|  84|0x0000000707a00000, 0x0000000707a00000, 0x0000000707b00000|  0%| F|  |TAMS 0x0000000707a00000, 0x0000000707a00000| Untracked 
|  85|0x0000000707b00000, 0x0000000707b00000, 0x0000000707c00000|  0%| F|  |TAMS 0x0000000707b00000, 0x0000000707b00000| Untracked 
|  86|0x0000000707c00000, 0x0000000707c00000, 0x0000000707d00000|  0%| F|  |TAMS 0x0000000707c00000, 0x0000000707c00000| Untracked 
|  87|0x0000000707d00000, 0x0000000707d00000, 0x0000000707e00000|  0%| F|  |TAMS 0x0000000707d00000, 0x0000000707d00000| Untracked 
|  88|0x0000000707e00000, 0x0000000707e00000, 0x0000000707f00000|  0%| F|  |TAMS 0x0000000707e00000, 0x0000000707e00000| Untracked 
|  89|0x0000000707f00000, 0x0000000707f00000, 0x0000000708000000|  0%| F|  |TAMS 0x0000000707f00000, 0x0000000707f00000| Untracked 
|  90|0x0000000708000000, 0x0000000708000000, 0x0000000708100000|  0%| F|  |TAMS 0x0000000708000000, 0x0000000708000000| Untracked 
|  91|0x0000000708100000, 0x0000000708100000, 0x0000000708200000|  0%| F|  |TAMS 0x0000000708100000, 0x0000000708100000| Untracked 
|  92|0x0000000708200000, 0x0000000708200000, 0x0000000708300000|  0%| F|  |TAMS 0x0000000708200000, 0x0000000708200000| Untracked 
|  93|0x0000000708300000, 0x0000000708300000, 0x0000000708400000|  0%| F|  |TAMS 0x0000000708300000, 0x0000000708300000| Untracked 
|  94|0x0000000708400000, 0x0000000708400000, 0x0000000708500000|  0%| F|  |TAMS 0x0000000708400000, 0x0000000708400000| Untracked 
|  95|0x0000000708500000, 0x0000000708500000, 0x0000000708600000|  0%| F|  |TAMS 0x0000000708500000, 0x0000000708500000| Untracked 
|  96|0x0000000708600000, 0x0000000708600000, 0x0000000708700000|  0%| F|  |TAMS 0x0000000708600000, 0x0000000708600000| Untracked 
|  97|0x0000000708700000, 0x0000000708700000, 0x0000000708800000|  0%| F|  |TAMS 0x0000000708700000, 0x0000000708700000| Untracked 
|  98|0x0000000708800000, 0x0000000708800000, 0x0000000708900000|  0%| F|  |TAMS 0x0000000708800000, 0x0000000708800000| Untracked 
|  99|0x0000000708900000, 0x0000000708900000, 0x0000000708a00000|  0%| F|  |TAMS 0x0000000708900000, 0x0000000708900000| Untracked 
| 100|0x0000000708a00000, 0x0000000708a00000, 0x0000000708b00000|  0%| F|  |TAMS 0x0000000708a00000, 0x0000000708a00000| Untracked 
| 101|0x0000000708b00000, 0x0000000708b00000, 0x0000000708c00000|  0%| F|  |TAMS 0x0000000708b00000, 0x0000000708b00000| Untracked 
| 102|0x0000000708c00000, 0x0000000708c00000, 0x0000000708d00000|  0%| F|  |TAMS 0x0000000708c00000, 0x0000000708c00000| Untracked 
| 103|0x0000000708d00000, 0x0000000708d00000, 0x0000000708e00000|  0%| F|  |TAMS 0x0000000708d00000, 0x0000000708d00000| Untracked 
| 104|0x0000000708e00000, 0x0000000708e00000, 0x0000000708f00000|  0%| F|  |TAMS 0x0000000708e00000, 0x0000000708e00000| Untracked 
| 105|0x0000000708f00000, 0x0000000708f00000, 0x0000000709000000|  0%| F|  |TAMS 0x0000000708f00000, 0x0000000708f00000| Untracked 
| 106|0x0000000709000000, 0x0000000709000000, 0x0000000709100000|  0%| F|  |TAMS 0x0000000709000000, 0x0000000709000000| Untracked 
| 107|0x0000000709100000, 0x0000000709100000, 0x0000000709200000|  0%| F|  |TAMS 0x0000000709100000, 0x0000000709100000| Untracked 
| 108|0x0000000709200000, 0x0000000709200000, 0x0000000709300000|  0%| F|  |TAMS 0x0000000709200000, 0x0000000709200000| Untracked 
| 109|0x0000000709300000, 0x0000000709300000, 0x0000000709400000|  0%| F|  |TAMS 0x0000000709300000, 0x0000000709300000| Untracked 
| 110|0x0000000709400000, 0x0000000709400000, 0x0000000709500000|  0%| F|  |TAMS 0x0000000709400000, 0x0000000709400000| Untracked 
| 111|0x0000000709500000, 0x0000000709500000, 0x0000000709600000|  0%| F|  |TAMS 0x0000000709500000, 0x0000000709500000| Untracked 
| 112|0x0000000709600000, 0x0000000709600000, 0x0000000709700000|  0%| F|  |TAMS 0x0000000709600000, 0x0000000709600000| Untracked 
| 113|0x0000000709700000, 0x0000000709700000, 0x0000000709800000|  0%| F|  |TAMS 0x0000000709700000, 0x0000000709700000| Untracked 
| 114|0x0000000709800000, 0x0000000709800000, 0x0000000709900000|  0%| F|  |TAMS 0x0000000709800000, 0x0000000709800000| Untracked 
| 115|0x0000000709900000, 0x0000000709900000, 0x0000000709a00000|  0%| F|  |TAMS 0x0000000709900000, 0x0000000709900000| Untracked 
| 116|0x0000000709a00000, 0x0000000709a00000, 0x0000000709b00000|  0%| F|  |TAMS 0x0000000709a00000, 0x0000000709a00000| Untracked 
| 117|0x0000000709b00000, 0x0000000709b00000, 0x0000000709c00000|  0%| F|  |TAMS 0x0000000709b00000, 0x0000000709b00000| Untracked 
| 118|0x0000000709c00000, 0x0000000709c00000, 0x0000000709d00000|  0%| F|  |TAMS 0x0000000709c00000, 0x0000000709c00000| Untracked 
| 119|0x0000000709d00000, 0x0000000709d00000, 0x0000000709e00000|  0%| F|  |TAMS 0x0000000709d00000, 0x0000000709d00000| Untracked 
| 120|0x0000000709e00000, 0x0000000709e00000, 0x0000000709f00000|  0%| F|  |TAMS 0x0000000709e00000, 0x0000000709e00000| Untracked 
| 121|0x0000000709f00000, 0x0000000709f00000, 0x000000070a000000|  0%| F|  |TAMS 0x0000000709f00000, 0x0000000709f00000| Untracked 
| 122|0x000000070a000000, 0x000000070a000000, 0x000000070a100000|  0%| F|  |TAMS 0x000000070a000000, 0x000000070a000000| Untracked 
| 123|0x000000070a100000, 0x000000070a100000, 0x000000070a200000|  0%| F|  |TAMS 0x000000070a100000, 0x000000070a100000| Untracked 
| 124|0x000000070a200000, 0x000000070a200000, 0x000000070a300000|  0%| F|  |TAMS 0x000000070a200000, 0x000000070a200000| Untracked 
| 125|0x000000070a300000, 0x000000070a300000, 0x000000070a400000|  0%| F|  |TAMS 0x000000070a300000, 0x000000070a300000| Untracked 
| 126|0x000000070a400000, 0x000000070a400000, 0x000000070a500000|  0%| F|  |TAMS 0x000000070a400000, 0x000000070a400000| Untracked 
| 127|0x000000070a500000, 0x000000070a500000, 0x000000070a600000|  0%| F|  |TAMS 0x000000070a500000, 0x000000070a500000| Untracked 
| 128|0x000000070a600000, 0x000000070a600000, 0x000000070a700000|  0%| F|  |TAMS 0x000000070a600000, 0x000000070a600000| Untracked 
| 129|0x000000070a700000, 0x000000070a700000, 0x000000070a800000|  0%| F|  |TAMS 0x000000070a700000, 0x000000070a700000| Untracked 
| 130|0x000000070a800000, 0x000000070a800000, 0x000000070a900000|  0%| F|  |TAMS 0x000000070a800000, 0x000000070a800000| Untracked 
| 131|0x000000070a900000, 0x000000070a900000, 0x000000070aa00000|  0%| F|  |TAMS 0x000000070a900000, 0x000000070a900000| Untracked 
| 132|0x000000070aa00000, 0x000000070aa00000, 0x000000070ab00000|  0%| F|  |TAMS 0x000000070aa00000, 0x000000070aa00000| Untracked 
| 133|0x000000070ab00000, 0x000000070ab00000, 0x000000070ac00000|  0%| F|  |TAMS 0x000000070ab00000, 0x000000070ab00000| Untracked 
| 134|0x000000070ac00000, 0x000000070ac00000, 0x000000070ad00000|  0%| F|  |TAMS 0x000000070ac00000, 0x000000070ac00000| Untracked 
| 135|0x000000070ad00000, 0x000000070ad00000, 0x000000070ae00000|  0%| F|  |TAMS 0x000000070ad00000, 0x000000070ad00000| Untracked 
| 136|0x000000070ae00000, 0x000000070ae00000, 0x000000070af00000|  0%| F|  |TAMS 0x000000070ae00000, 0x000000070ae00000| Untracked 
| 137|0x000000070af00000, 0x000000070af00000, 0x000000070b000000|  0%| F|  |TAMS 0x000000070af00000, 0x000000070af00000| Untracked 
| 138|0x000000070b000000, 0x000000070b000000, 0x000000070b100000|  0%| F|  |TAMS 0x000000070b000000, 0x000000070b000000| Untracked 
| 139|0x000000070b100000, 0x000000070b100000, 0x000000070b200000|  0%| F|  |TAMS 0x000000070b100000, 0x000000070b100000| Untracked 
| 140|0x000000070b200000, 0x000000070b200000, 0x000000070b300000|  0%| F|  |TAMS 0x000000070b200000, 0x000000070b200000| Untracked 
| 141|0x000000070b300000, 0x000000070b300000, 0x000000070b400000|  0%| F|  |TAMS 0x000000070b300000, 0x000000070b300000| Untracked 
| 142|0x000000070b400000, 0x000000070b400000, 0x000000070b500000|  0%| F|  |TAMS 0x000000070b400000, 0x000000070b400000| Untracked 
| 143|0x000000070b500000, 0x000000070b500000, 0x000000070b600000|  0%| F|  |TAMS 0x000000070b500000, 0x000000070b500000| Untracked 
| 144|0x000000070b600000, 0x000000070b600000, 0x000000070b700000|  0%| F|  |TAMS 0x000000070b600000, 0x000000070b600000| Untracked 
| 145|0x000000070b700000, 0x000000070b700000, 0x000000070b800000|  0%| F|  |TAMS 0x000000070b700000, 0x000000070b700000| Untracked 
| 146|0x000000070b800000, 0x000000070b800000, 0x000000070b900000|  0%| F|  |TAMS 0x000000070b800000, 0x000000070b800000| Untracked 
| 147|0x000000070b900000, 0x000000070b900000, 0x000000070ba00000|  0%| F|  |TAMS 0x000000070b900000, 0x000000070b900000| Untracked 
| 148|0x000000070ba00000, 0x000000070ba00000, 0x000000070bb00000|  0%| F|  |TAMS 0x000000070ba00000, 0x000000070ba00000| Untracked 
| 149|0x000000070bb00000, 0x000000070bb00000, 0x000000070bc00000|  0%| F|  |TAMS 0x000000070bb00000, 0x000000070bb00000| Untracked 
| 150|0x000000070bc00000, 0x000000070bc00000, 0x000000070bd00000|  0%| F|  |TAMS 0x000000070bc00000, 0x000000070bc00000| Untracked 
| 151|0x000000070bd00000, 0x000000070bd00000, 0x000000070be00000|  0%| F|  |TAMS 0x000000070bd00000, 0x000000070bd00000| Untracked 
| 152|0x000000070be00000, 0x000000070be00000, 0x000000070bf00000|  0%| F|  |TAMS 0x000000070be00000, 0x000000070be00000| Untracked 
| 153|0x000000070bf00000, 0x000000070bf00000, 0x000000070c000000|  0%| F|  |TAMS 0x000000070bf00000, 0x000000070bf00000| Untracked 
| 154|0x000000070c000000, 0x000000070c000000, 0x000000070c100000|  0%| F|  |TAMS 0x000000070c000000, 0x000000070c000000| Untracked 
| 155|0x000000070c100000, 0x000000070c100000, 0x000000070c200000|  0%| F|  |TAMS 0x000000070c100000, 0x000000070c100000| Untracked 
| 156|0x000000070c200000, 0x000000070c200000, 0x000000070c300000|  0%| F|  |TAMS 0x000000070c200000, 0x000000070c200000| Untracked 
| 157|0x000000070c300000, 0x000000070c300000, 0x000000070c400000|  0%| F|  |TAMS 0x000000070c300000, 0x000000070c300000| Untracked 
| 158|0x000000070c400000, 0x000000070c400000, 0x000000070c500000|  0%| F|  |TAMS 0x000000070c400000, 0x000000070c400000| Untracked 
| 159|0x000000070c500000, 0x000000070c500000, 0x000000070c600000|  0%| F|  |TAMS 0x000000070c500000, 0x000000070c500000| Untracked 
| 160|0x000000070c600000, 0x000000070c600000, 0x000000070c700000|  0%| F|  |TAMS 0x000000070c600000, 0x000000070c600000| Untracked 
| 161|0x000000070c700000, 0x000000070c700000, 0x000000070c800000|  0%| F|  |TAMS 0x000000070c700000, 0x000000070c700000| Untracked 
| 162|0x000000070c800000, 0x000000070c800000, 0x000000070c900000|  0%| F|  |TAMS 0x000000070c800000, 0x000000070c800000| Untracked 
| 163|0x000000070c900000, 0x000000070c900000, 0x000000070ca00000|  0%| F|  |TAMS 0x000000070c900000, 0x000000070c900000| Untracked 
| 164|0x000000070ca00000, 0x000000070ca00000, 0x000000070cb00000|  0%| F|  |TAMS 0x000000070ca00000, 0x000000070ca00000| Untracked 
| 165|0x000000070cb00000, 0x000000070cb00000, 0x000000070cc00000|  0%| F|  |TAMS 0x000000070cb00000, 0x000000070cb00000| Untracked 
| 166|0x000000070cc00000, 0x000000070cc00000, 0x000000070cd00000|  0%| F|  |TAMS 0x000000070cc00000, 0x000000070cc00000| Untracked 
| 167|0x000000070cd00000, 0x000000070cd00000, 0x000000070ce00000|  0%| F|  |TAMS 0x000000070cd00000, 0x000000070cd00000| Untracked 
| 168|0x000000070ce00000, 0x000000070ce00000, 0x000000070cf00000|  0%| F|  |TAMS 0x000000070ce00000, 0x000000070ce00000| Untracked 
| 169|0x000000070cf00000, 0x000000070cf00000, 0x000000070d000000|  0%| F|  |TAMS 0x000000070cf00000, 0x000000070cf00000| Untracked 
| 170|0x000000070d000000, 0x000000070d000000, 0x000000070d100000|  0%| F|  |TAMS 0x000000070d000000, 0x000000070d000000| Untracked 
| 171|0x000000070d100000, 0x000000070d100000, 0x000000070d200000|  0%| F|  |TAMS 0x000000070d100000, 0x000000070d100000| Untracked 
| 172|0x000000070d200000, 0x000000070d200000, 0x000000070d300000|  0%| F|  |TAMS 0x000000070d200000, 0x000000070d200000| Untracked 
| 173|0x000000070d300000, 0x000000070d300000, 0x000000070d400000|  0%| F|  |TAMS 0x000000070d300000, 0x000000070d300000| Untracked 
| 174|0x000000070d400000, 0x000000070d400000, 0x000000070d500000|  0%| F|  |TAMS 0x000000070d400000, 0x000000070d400000| Untracked 
| 175|0x000000070d500000, 0x000000070d500000, 0x000000070d600000|  0%| F|  |TAMS 0x000000070d500000, 0x000000070d500000| Untracked 
| 176|0x000000070d600000, 0x000000070d600000, 0x000000070d700000|  0%| F|  |TAMS 0x000000070d600000, 0x000000070d600000| Untracked 
| 177|0x000000070d700000, 0x000000070d700000, 0x000000070d800000|  0%| F|  |TAMS 0x000000070d700000, 0x000000070d700000| Untracked 
| 178|0x000000070d800000, 0x000000070d800000, 0x000000070d900000|  0%| F|  |TAMS 0x000000070d800000, 0x000000070d800000| Untracked 
| 179|0x000000070d900000, 0x000000070d900000, 0x000000070da00000|  0%| F|  |TAMS 0x000000070d900000, 0x000000070d900000| Untracked 
| 180|0x000000070da00000, 0x000000070da00000, 0x000000070db00000|  0%| F|  |TAMS 0x000000070da00000, 0x000000070da00000| Untracked 
| 181|0x000000070db00000, 0x000000070db00000, 0x000000070dc00000|  0%| F|  |TAMS 0x000000070db00000, 0x000000070db00000| Untracked 
| 182|0x000000070dc00000, 0x000000070dc00000, 0x000000070dd00000|  0%| F|  |TAMS 0x000000070dc00000, 0x000000070dc00000| Untracked 
| 183|0x000000070dd00000, 0x000000070dd00000, 0x000000070de00000|  0%| F|  |TAMS 0x000000070dd00000, 0x000000070dd00000| Untracked 
| 184|0x000000070de00000, 0x000000070de00000, 0x000000070df00000|  0%| F|  |TAMS 0x000000070de00000, 0x000000070de00000| Untracked 
| 185|0x000000070df00000, 0x000000070df00000, 0x000000070e000000|  0%| F|  |TAMS 0x000000070df00000, 0x000000070df00000| Untracked 
| 186|0x000000070e000000, 0x000000070e000000, 0x000000070e100000|  0%| F|  |TAMS 0x000000070e000000, 0x000000070e000000| Untracked 
| 187|0x000000070e100000, 0x000000070e100000, 0x000000070e200000|  0%| F|  |TAMS 0x000000070e100000, 0x000000070e100000| Untracked 
| 188|0x000000070e200000, 0x000000070e200000, 0x000000070e300000|  0%| F|  |TAMS 0x000000070e200000, 0x000000070e200000| Untracked 
| 189|0x000000070e300000, 0x000000070e300000, 0x000000070e400000|  0%| F|  |TAMS 0x000000070e300000, 0x000000070e300000| Untracked 
| 190|0x000000070e400000, 0x000000070e400000, 0x000000070e500000|  0%| F|  |TAMS 0x000000070e400000, 0x000000070e400000| Untracked 
| 191|0x000000070e500000, 0x000000070e500000, 0x000000070e600000|  0%| F|  |TAMS 0x000000070e500000, 0x000000070e500000| Untracked 
| 192|0x000000070e600000, 0x000000070e600000, 0x000000070e700000|  0%| F|  |TAMS 0x000000070e600000, 0x000000070e600000| Untracked 
| 193|0x000000070e700000, 0x000000070e700000, 0x000000070e800000|  0%| F|  |TAMS 0x000000070e700000, 0x000000070e700000| Untracked 
| 194|0x000000070e800000, 0x000000070e800000, 0x000000070e900000|  0%| F|  |TAMS 0x000000070e800000, 0x000000070e800000| Untracked 
| 195|0x000000070e900000, 0x000000070e900000, 0x000000070ea00000|  0%| F|  |TAMS 0x000000070e900000, 0x000000070e900000| Untracked 
| 196|0x000000070ea00000, 0x000000070ea00000, 0x000000070eb00000|  0%| F|  |TAMS 0x000000070ea00000, 0x000000070ea00000| Untracked 
| 197|0x000000070eb00000, 0x000000070eb00000, 0x000000070ec00000|  0%| F|  |TAMS 0x000000070eb00000, 0x000000070eb00000| Untracked 
| 198|0x000000070ec00000, 0x000000070ec00000, 0x000000070ed00000|  0%| F|  |TAMS 0x000000070ec00000, 0x000000070ec00000| Untracked 
| 199|0x000000070ed00000, 0x000000070ed00000, 0x000000070ee00000|  0%| F|  |TAMS 0x000000070ed00000, 0x000000070ed00000| Untracked 
| 200|0x000000070ee00000, 0x000000070ee00000, 0x000000070ef00000|  0%| F|  |TAMS 0x000000070ee00000, 0x000000070ee00000| Untracked 
| 201|0x000000070ef00000, 0x000000070ef00000, 0x000000070f000000|  0%| F|  |TAMS 0x000000070ef00000, 0x000000070ef00000| Untracked 
| 202|0x000000070f000000, 0x000000070f000000, 0x000000070f100000|  0%| F|  |TAMS 0x000000070f000000, 0x000000070f000000| Untracked 
| 203|0x000000070f100000, 0x000000070f100000, 0x000000070f200000|  0%| F|  |TAMS 0x000000070f100000, 0x000000070f100000| Untracked 
| 204|0x000000070f200000, 0x000000070f200000, 0x000000070f300000|  0%| F|  |TAMS 0x000000070f200000, 0x000000070f200000| Untracked 
| 205|0x000000070f300000, 0x000000070f300000, 0x000000070f400000|  0%| F|  |TAMS 0x000000070f300000, 0x000000070f300000| Untracked 
| 206|0x000000070f400000, 0x000000070f400000, 0x000000070f500000|  0%| F|  |TAMS 0x000000070f400000, 0x000000070f400000| Untracked 
| 207|0x000000070f500000, 0x000000070f500000, 0x000000070f600000|  0%| F|  |TAMS 0x000000070f500000, 0x000000070f500000| Untracked 
| 208|0x000000070f600000, 0x000000070f600000, 0x000000070f700000|  0%| F|  |TAMS 0x000000070f600000, 0x000000070f600000| Untracked 
| 209|0x000000070f700000, 0x000000070f700000, 0x000000070f800000|  0%| F|  |TAMS 0x000000070f700000, 0x000000070f700000| Untracked 
| 210|0x000000070f800000, 0x000000070f800000, 0x000000070f900000|  0%| F|  |TAMS 0x000000070f800000, 0x000000070f800000| Untracked 
| 211|0x000000070f900000, 0x000000070f900000, 0x000000070fa00000|  0%| F|  |TAMS 0x000000070f900000, 0x000000070f900000| Untracked 
| 212|0x000000070fa00000, 0x000000070fa00000, 0x000000070fb00000|  0%| F|  |TAMS 0x000000070fa00000, 0x000000070fa00000| Untracked 
| 213|0x000000070fb00000, 0x000000070fb00000, 0x000000070fc00000|  0%| F|  |TAMS 0x000000070fb00000, 0x000000070fb00000| Untracked 
| 214|0x000000070fc00000, 0x000000070fc00000, 0x000000070fd00000|  0%| F|  |TAMS 0x000000070fc00000, 0x000000070fc00000| Untracked 
| 215|0x000000070fd00000, 0x000000070fd00000, 0x000000070fe00000|  0%| F|  |TAMS 0x000000070fd00000, 0x000000070fd00000| Untracked 
| 216|0x000000070fe00000, 0x000000070fe00000, 0x000000070ff00000|  0%| F|  |TAMS 0x000000070fe00000, 0x000000070fe00000| Untracked 
| 217|0x000000070ff00000, 0x000000070ff00000, 0x0000000710000000|  0%| F|  |TAMS 0x000000070ff00000, 0x000000070ff00000| Untracked 
| 218|0x0000000710000000, 0x0000000710000000, 0x0000000710100000|  0%| F|  |TAMS 0x0000000710000000, 0x0000000710000000| Untracked 
| 219|0x0000000710100000, 0x0000000710100000, 0x0000000710200000|  0%| F|  |TAMS 0x0000000710100000, 0x0000000710100000| Untracked 
| 220|0x0000000710200000, 0x0000000710200000, 0x0000000710300000|  0%| F|  |TAMS 0x0000000710200000, 0x0000000710200000| Untracked 
| 221|0x0000000710300000, 0x0000000710300000, 0x0000000710400000|  0%| F|  |TAMS 0x0000000710300000, 0x0000000710300000| Untracked 
| 222|0x0000000710400000, 0x0000000710400000, 0x0000000710500000|  0%| F|  |TAMS 0x0000000710400000, 0x0000000710400000| Untracked 
| 223|0x0000000710500000, 0x0000000710500000, 0x0000000710600000|  0%| F|  |TAMS 0x0000000710500000, 0x0000000710500000| Untracked 
| 224|0x0000000710600000, 0x0000000710600000, 0x0000000710700000|  0%| F|  |TAMS 0x0000000710600000, 0x0000000710600000| Untracked 
| 225|0x0000000710700000, 0x0000000710700000, 0x0000000710800000|  0%| F|  |TAMS 0x0000000710700000, 0x0000000710700000| Untracked 
| 226|0x0000000710800000, 0x0000000710800000, 0x0000000710900000|  0%| F|  |TAMS 0x0000000710800000, 0x0000000710800000| Untracked 
| 227|0x0000000710900000, 0x0000000710a00000, 0x0000000710a00000|100%| S|CS|TAMS 0x0000000710900000, 0x0000000710900000| Complete 
| 228|0x0000000710a00000, 0x0000000710b00000, 0x0000000710b00000|100%| S|CS|TAMS 0x0000000710a00000, 0x0000000710a00000| Complete 
| 229|0x0000000710b00000, 0x0000000710c00000, 0x0000000710c00000|100%| S|CS|TAMS 0x0000000710b00000, 0x0000000710b00000| Complete 
| 230|0x0000000710c00000, 0x0000000710c00000, 0x0000000710d00000|  0%| F|  |TAMS 0x0000000710c00000, 0x0000000710c00000| Untracked 
| 231|0x0000000710d00000, 0x0000000710d00000, 0x0000000710e00000|  0%| F|  |TAMS 0x0000000710d00000, 0x0000000710d00000| Untracked 
| 232|0x0000000710e00000, 0x0000000710e00000, 0x0000000710f00000|  0%| F|  |TAMS 0x0000000710e00000, 0x0000000710e00000| Untracked 
| 233|0x0000000710f00000, 0x0000000710f00000, 0x0000000711000000|  0%| F|  |TAMS 0x0000000710f00000, 0x0000000710f00000| Untracked 
| 234|0x0000000711000000, 0x0000000711000000, 0x0000000711100000|  0%| F|  |TAMS 0x0000000711000000, 0x0000000711000000| Untracked 
| 235|0x0000000711100000, 0x0000000711100000, 0x0000000711200000|  0%| F|  |TAMS 0x0000000711100000, 0x0000000711100000| Untracked 
| 236|0x0000000711200000, 0x0000000711200000, 0x0000000711300000|  0%| F|  |TAMS 0x0000000711200000, 0x0000000711200000| Untracked 
| 237|0x0000000711300000, 0x0000000711300000, 0x0000000711400000|  0%| F|  |TAMS 0x0000000711300000, 0x0000000711300000| Untracked 
| 238|0x0000000711400000, 0x0000000711400000, 0x0000000711500000|  0%| F|  |TAMS 0x0000000711400000, 0x0000000711400000| Untracked 
| 239|0x0000000711500000, 0x0000000711500000, 0x0000000711600000|  0%| F|  |TAMS 0x0000000711500000, 0x0000000711500000| Untracked 
| 240|0x0000000711600000, 0x0000000711600000, 0x0000000711700000|  0%| F|  |TAMS 0x0000000711600000, 0x0000000711600000| Untracked 
| 241|0x0000000711700000, 0x0000000711700000, 0x0000000711800000|  0%| F|  |TAMS 0x0000000711700000, 0x0000000711700000| Untracked 
| 242|0x0000000711800000, 0x0000000711800000, 0x0000000711900000|  0%| F|  |TAMS 0x0000000711800000, 0x0000000711800000| Untracked 
| 243|0x0000000711900000, 0x0000000711900000, 0x0000000711a00000|  0%| F|  |TAMS 0x0000000711900000, 0x0000000711900000| Untracked 
| 244|0x0000000711a00000, 0x0000000711a80800, 0x0000000711b00000| 50%| E|  |TAMS 0x0000000711a00000, 0x0000000711a00000| Complete 
| 245|0x0000000711b00000, 0x0000000711c00000, 0x0000000711c00000|100%| E|CS|TAMS 0x0000000711b00000, 0x0000000711b00000| Complete 
| 246|0x0000000711c00000, 0x0000000711d00000, 0x0000000711d00000|100%| E|CS|TAMS 0x0000000711c00000, 0x0000000711c00000| Complete 
| 247|0x0000000711d00000, 0x0000000711e00000, 0x0000000711e00000|100%| E|CS|TAMS 0x0000000711d00000, 0x0000000711d00000| Complete 
| 248|0x0000000711e00000, 0x0000000711f00000, 0x0000000711f00000|100%| E|CS|TAMS 0x0000000711e00000, 0x0000000711e00000| Complete 
| 249|0x0000000711f00000, 0x0000000712000000, 0x0000000712000000|100%| E|CS|TAMS 0x0000000711f00000, 0x0000000711f00000| Complete 
| 250|0x0000000712000000, 0x0000000712100000, 0x0000000712100000|100%| E|CS|TAMS 0x0000000712000000, 0x0000000712000000| Complete 
| 251|0x0000000712100000, 0x0000000712200000, 0x0000000712200000|100%| E|CS|TAMS 0x0000000712100000, 0x0000000712100000| Complete 
| 252|0x0000000712200000, 0x0000000712300000, 0x0000000712300000|100%| E|CS|TAMS 0x0000000712200000, 0x0000000712200000| Complete 
| 253|0x0000000712300000, 0x0000000712400000, 0x0000000712400000|100%| E|CS|TAMS 0x0000000712300000, 0x0000000712300000| Complete 

Card table byte_map: [0x0000028b76e70000,0x0000028b77660000] _byte_map_base: 0x0000028b7365d000

Marking Bits (Prev, Next): (CMBitMap*) 0x0000028b6bd6ae18, (CMBitMap*) 0x0000028b6bd6ae58
 Prev Bits: [0x0000028b77e50000, 0x0000028b7bdb8000)
 Next Bits: [0x0000028b7bdc0000, 0x0000028b7fd28000)

Polling page: 0x0000028b6bdd0000

Metaspace:

Usage:
  Non-class:      8.58 MB capacity,     8.47 MB ( 99%) used,    90.48 KB (  1%) free+waste,    14.19 KB ( <1%) overhead. 
      Class:      1.07 MB capacity,  1008.83 KB ( 92%) used,    79.23 KB (  7%) free+waste,     6.94 KB ( <1%) overhead. 
       Both:      9.65 MB capacity,     9.46 MB ( 98%) used,   169.72 KB (  2%) free+waste,    21.13 KB ( <1%) overhead. 

Virtual space:
  Non-class space:       10.00 MB reserved,       8.75 MB ( 88%) committed 
      Class space:        1.00 GB reserved,       1.13 MB ( <1%) committed 
             Both:        1.01 GB reserved,       9.88 MB ( <1%) committed 

Chunk freelists:
   Non-Class:  49.00 KB
       Class:  0 bytes
        Both:  49.00 KB

MaxMetaspaceSize: 17179869184.00 GB
CompressedClassSpaceSize: 1.00 GB

CodeHeap 'non-profiled nmethods': size=120000Kb used=743Kb max_used=743Kb free=119256Kb
 bounds [0x0000028b07ad0000, 0x0000028b07d40000, 0x0000028b0f000000]
CodeHeap 'profiled nmethods': size=120000Kb used=3213Kb max_used=3213Kb free=116787Kb
 bounds [0x0000028b005a0000, 0x0000028b008d0000, 0x0000028b07ad0000]
CodeHeap 'non-nmethods': size=5760Kb used=1289Kb max_used=1398Kb free=4470Kb
 bounds [0x0000028b00000000, 0x0000028b00270000, 0x0000028b005a0000]
 total_blobs=2551 nmethods=1420 adapters=377
 compilation: enabled
              stopped_count=0, restarted_count=0
 full_count=0

Compilation events (20 events):
Event: 1.422 Thread 0x0000028b1244b800 1412       1       java.util.concurrent.locks.AbstractQueuedSynchronizer::setState (6 bytes)
Event: 1.422 Thread 0x0000028b12446000 nmethod 1394% 0x0000028b07b84690 code [0x0000028b07b84820, 0x0000028b07b84f78]
Event: 1.422 Thread 0x0000028b1244b800 nmethod 1412 0x0000028b07b85110 code [0x0000028b07b852a0, 0x0000028b07b853d8]
Event: 1.430 Thread 0x0000028b15769800 nmethod 1406 0x0000028b07b85490 code [0x0000028b07b856a0, 0x0000028b07b86560]
Event: 11.190 Thread 0x0000028b1244b800 1414       3       java.nio.ByteBuffer::array (35 bytes)
Event: 11.191 Thread 0x0000028b1244b800 nmethod 1414 0x0000028b008c0710 code [0x0000028b008c0900, 0x0000028b008c0c80]
Event: 129.123 Thread 0x0000028b12446000 1415 %     4       org.eclipse.jdt.launching.internal.org.objectweb.asm.ByteVector::encodeUtf8 @ 12 (337 bytes)
Event: 129.123 Thread 0x0000028b1244b800 1416       3       org.eclipse.jdt.launching.internal.org.objectweb.asm.MethodWriter::visitTryCatchBlock (67 bytes)
Event: 129.128 Thread 0x0000028b1244b800 nmethod 1416 0x0000028b008c0e10 code [0x0000028b008c1000, 0x0000028b008c1770]
Event: 129.128 Thread 0x0000028b1244b800 1417       3       org.eclipse.jdt.launching.internal.org.objectweb.asm.Handler::<init> (32 bytes)
Event: 129.128 Thread 0x0000028b1244b800 nmethod 1417 0x0000028b008c1990 code [0x0000028b008c1b40, 0x0000028b008c1eb8]
Event: 129.138 Thread 0x0000028b12446000 nmethod 1415% 0x0000028b07b86c10 code [0x0000028b07b86e00, 0x0000028b07b880d8]
Event: 266.339 Thread 0x0000028b1244b800 1418       3       org.eclipse.jdt.launching.internal.org.objectweb.asm.FieldWriter::visitEnd (1 bytes)
Event: 266.339 Thread 0x0000028b1244b800 nmethod 1418 0x0000028b008c1f90 code [0x0000028b008c2120, 0x0000028b008c2298]
Event: 266.339 Thread 0x0000028b12446000 1419       4       org.eclipse.jdt.launching.internal.org.objectweb.asm.ByteVector::putUTF8 (144 bytes)
Event: 266.348 Thread 0x0000028b12446000 nmethod 1419 0x0000028b07aea910 code [0x0000028b07aeaae0, 0x0000028b07aeb148]
Event: 266.348 Thread 0x0000028b12446000 1420       4       org.eclipse.jdt.launching.internal.org.objectweb.asm.SymbolTable::addConstantUtf8 (98 bytes)
Event: 266.365 Thread 0x0000028b12446000 nmethod 1420 0x0000028b07b88a10 code [0x0000028b07b88c20, 0x0000028b07b89e00]
Event: 681.181 Thread 0x0000028b1244b800 1421       3       org.eclipse.jdt.launching.internal.org.objectweb.asm.FieldVisitor::<init> (66 bytes)
Event: 681.186 Thread 0x0000028b1244b800 nmethod 1421 0x0000028b008c2310 code [0x0000028b008c2580, 0x0000028b008c3080]

GC Heap History (2 events):
Event: 1.001 GC heap before
{Heap before GC invocations=0 (full 0):
 garbage-first heap   total 260096K, used 23552K [0x0000000702600000, 0x0000000800000000)
  region size 1024K, 24 young (24576K), 0 survivors (0K)
 Metaspace       used 8157K, capacity 8395K, committed 8704K, reserved 1056768K
  class space    used 853K, capacity 920K, committed 1024K, reserved 1048576K
}
Event: 1.005 GC heap after
{Heap after GC invocations=1 (full 0):
 garbage-first heap   total 260096K, used 3519K [0x0000000702600000, 0x0000000800000000)
  region size 1024K, 3 young (3072K), 3 survivors (3072K)
 Metaspace       used 8157K, capacity 8395K, committed 8704K, reserved 1056768K
  class space    used 853K, capacity 920K, committed 1024K, reserved 1048576K
}

Deoptimization events (20 events):
Event: 1.201 Thread 0x0000028b6bcfd800 DEOPT PACKING pc=0x0000028b07af231c sp=0x0000008d43cfb5a0
Event: 1.201 Thread 0x0000028b6bcfd800 DEOPT UNPACKING pc=0x0000028b0004912f sp=0x0000008d43cfb548 mode 2
Event: 1.201 Thread 0x0000028b6bcfd800 Uncommon trap: trap_request=0xffffff3d fr.pc=0x0000028b07af1694 relative=0x00000000000002d4
Event: 1.201 Thread 0x0000028b6bcfd800 Uncommon trap: reason=unstable_fused_if action=reinterpret pc=0x0000028b07af1694 method=org.eclipse.jdt.launching.internal.org.objectweb.asm.ByteVector.putUTF8(Ljava/lang/String;)Lorg/eclipse/jdt/launching/internal/org/objectweb/asm/ByteVector; @ 93 c2
Event: 1.201 Thread 0x0000028b6bcfd800 DEOPT PACKING pc=0x0000028b07af1694 sp=0x0000008d43cfb3a0
Event: 1.201 Thread 0x0000028b6bcfd800 DEOPT UNPACKING pc=0x0000028b0004912f sp=0x0000008d43cfb330 mode 2
Event: 1.201 Thread 0x0000028b6bcfd800 Uncommon trap: trap_request=0xffffff45 fr.pc=0x0000028b07ad884c relative=0x000000000000022c
Event: 1.201 Thread 0x0000028b6bcfd800 Uncommon trap: reason=unstable_if action=reinterpret pc=0x0000028b07ad884c method=java.lang.String.isLatin1()Z @ 10 c2
Event: 1.201 Thread 0x0000028b6bcfd800 DEOPT PACKING pc=0x0000028b07ad884c sp=0x0000008d43cfb4a0
Event: 1.201 Thread 0x0000028b6bcfd800 DEOPT UNPACKING pc=0x0000028b0004912f sp=0x0000008d43cfb3d0 mode 2
Event: 1.220 Thread 0x0000028b6bcfd800 Uncommon trap: trap_request=0xffffff45 fr.pc=0x0000028b07ae5864 relative=0x0000000000000044
Event: 1.220 Thread 0x0000028b6bcfd800 Uncommon trap: reason=unstable_if action=reinterpret pc=0x0000028b07ae5864 method=java.lang.CharacterData.of(I)Ljava/lang/CharacterData; @ 4 c2
Event: 1.220 Thread 0x0000028b6bcfd800 DEOPT PACKING pc=0x0000028b07ae5864 sp=0x0000008d43cfe2a0
Event: 1.220 Thread 0x0000028b6bcfd800 DEOPT UNPACKING pc=0x0000028b0004912f sp=0x0000008d43cfe240 mode 2
Event: 1.222 Thread 0x0000028b6bcfd800 Uncommon trap: trap_request=0xffffff45 fr.pc=0x0000028b07b2fe58 relative=0x00000000000000b8
Event: 1.222 Thread 0x0000028b6bcfd800 Uncommon trap: reason=unstable_if action=reinterpret pc=0x0000028b07b2fe58 method=java.lang.CharacterDataLatin1.digit(II)I @ 7 c2
Event: 1.222 Thread 0x0000028b6bcfd800 DEOPT PACKING pc=0x0000028b07b2fe58 sp=0x0000008d43cfe800
Event: 1.222 Thread 0x0000028b6bcfd800 DEOPT UNPACKING pc=0x0000028b0004912f sp=0x0000008d43cfe780 mode 2
Event: 1.392 Thread 0x0000028b6bcfd800 DEOPT PACKING pc=0x0000028b0084b59f sp=0x0000008d43cfdb90
Event: 1.392 Thread 0x0000028b6bcfd800 DEOPT UNPACKING pc=0x0000028b0004964e sp=0x0000008d43cfcfd0 mode 0

Classes unloaded (0 events):
No events

Classes redefined (6 events):
Event: 129.125 Thread 0x0000028b11b9a800 redefined class name=Main, count=1
Event: 177.586 Thread 0x0000028b11b9a800 redefined class name=Main, count=2
Event: 266.341 Thread 0x0000028b11b9a800 redefined class name=Main, count=3
Event: 681.183 Thread 0x0000028b11b9a800 redefined class name=Main, count=4
Event: 819.656 Thread 0x0000028b11b9a800 redefined class name=Main, count=5
Event: 989.606 Thread 0x0000028b11b9a800 redefined class name=Main, count=6

Internal exceptions (12 events):
Event: 0.356 Thread 0x0000028b6bcfd800 Exception <a 'java/io/FileNotFoundException'{0x0000000711ea4658}> (0x0000000711ea4658) 
thrown [t:/workspace/open/src/hotspot/share/prims/jni.cpp, line 598]
Event: 0.484 Thread 0x0000028b6bcfd800 Exception <a 'java/lang/NoSuchMethodError'{0x00000007118d9a70}: 'java.lang.Object java.lang.invoke.DirectMethodHandle$Holder.invokeStaticInit(java.lang.Object, int, int, int, int)'> (0x00000007118d9a70) 
thrown [t:/workspace/open/src/hotspot/share/interpreter/linkResolver.cpp, line 767]
Event: 0.486 Thread 0x0000028b6bcfd800 Exception <a 'sun/nio/fs/WindowsException'{0x00000007118e2fb0}> (0x00000007118e2fb0) 
thrown [t:/workspace/open/src/hotspot/share/prims/jni.cpp, line 598]
Event: 0.487 Thread 0x0000028b6bcfd800 Exception <a 'java/lang/NoSuchMethodError'{0x00000007118e75b8}: 'int java.lang.invoke.DirectMethodHandle$Holder.invokeSpecialIFC(java.lang.Object, java.lang.Object, int)'> (0x00000007118e75b8) 
thrown [t:/workspace/open/src/hotspot/share/interpreter/linkResolver.cpp, line 767]
Event: 0.497 Thread 0x0000028b6bcfd800 Exception <a 'java/lang/NoSuchMethodError'{0x000000071173f860}: 'int java.lang.invoke.DirectMethodHandle$Holder.invokeStaticInit(java.lang.Object, java.lang.Object, java.lang.Object, java.lang.Object)'> (0x000000071173f860) 
thrown [t:/workspace/open/src/hotspot/share/interpreter/linkResolver.cpp, line 767]
Event: 0.498 Thread 0x0000028b6bcfd800 Exception <a 'java/lang/IncompatibleClassChangeError'{0x0000000711748de0}: Found class java.lang.Object, but interface was expected> (0x0000000711748de0) 
thrown [t:/workspace/open/src/hotspot/share/interpreter/linkResolver.cpp, line 833]
Event: 0.498 Thread 0x0000028b6bcfd800 Exception <a 'java/lang/NoSuchMethodError'{0x000000071174c660}: 'void java.lang.invoke.DirectMethodHandle$Holder.invokeStaticInit(java.lang.Object, java.lang.Object)'> (0x000000071174c660) 
thrown [t:/workspace/open/src/hotspot/share/interpreter/linkResolver.cpp, line 767]
Event: 0.500 Thread 0x0000028b6bcfd800 Exception <a 'java/lang/NoSuchMethodError'{0x0000000711753e18}: 'int java.lang.invoke.DirectMethodHandle$Holder.invokeStaticInit(java.lang.Object, java.lang.Object)'> (0x0000000711753e18) 
thrown [t:/workspace/open/src/hotspot/share/interpreter/linkResolver.cpp, line 767]
Event: 0.792 Thread 0x0000028b6bcfd800 Exception <a 'java/lang/NoSuchMethodError'{0x00000007111dcc28}: 'java.lang.Object java.lang.invoke.DirectMethodHandle$Holder.invokeStaticInit(java.lang.Object, java.lang.Object, int, int, int, int)'> (0x00000007111dcc28) 
thrown [t:/workspace/open/src/hotspot/share/interpreter/linkResolver.cpp, line 767]
Event: 1.181 Thread 0x0000028b6bcfd800 Exception <a 'java/lang/NullPointerException'{0x0000000712067518}> (0x0000000712067518) 
thrown [t:/workspace/open/src/hotspot/share/interpreter/linkResolver.cpp, line 1349]
Event: 1.302 Thread 0x0000028b6bcfd800 Exception <a 'java/lang/NullPointerException'{0x0000000711c82ba8}> (0x0000000711c82ba8) 
thrown [t:/workspace/open/src/hotspot/share/interpreter/linkResolver.cpp, line 1349]
Event: 1.399 Thread 0x0000028b6bcfd800 Exception <a 'java/lang/NullPointerException'{0x0000000711cd2250}> (0x0000000711cd2250) 
thrown [t:/workspace/open/src/hotspot/share/interpreter/linkResolver.cpp, line 1349]

Events (20 events):
Event: 989.619 Executing VM operation: ChangeSingleStep
Event: 989.619 Executing VM operation: ChangeSingleStep done
Event: 989.717 Executing VM operation: GetFrameCount
Event: 989.717 Executing VM operation: GetFrameCount done
Event: 989.717 Executing VM operation: GetStackTrace
Event: 989.717 Executing VM operation: GetStackTrace done
Event: 989.717 Executing VM operation: GetFrameCount
Event: 989.718 Executing VM operation: GetFrameCount done
Event: 989.718 Executing VM operation: GetOwnedMonitorInfo
Event: 989.718 Executing VM operation: GetOwnedMonitorInfo done
Event: 989.718 Executing VM operation: GetCurrentContendedMonitor
Event: 989.718 Executing VM operation: GetCurrentContendedMonitor done
Event: 989.718 Executing VM operation: GetOwnedMonitorInfo
Event: 989.718 Executing VM operation: GetOwnedMonitorInfo done
Event: 989.718 Executing VM operation: GetCurrentContendedMonitor
Event: 989.718 Executing VM operation: GetCurrentContendedMonitor done
Event: 989.725 Executing VM operation: GetCurrentContendedMonitor
Event: 989.725 Executing VM operation: GetCurrentContendedMonitor done
Event: 989.725 Executing VM operation: GetOwnedMonitorInfo
Event: 989.725 Executing VM operation: GetOwnedMonitorInfo done


Dynamic libraries:
0x00007ff717ed0000 - 0x00007ff717edf000 	C:\Program Files\Java\jdk-13.0.2\bin\javaw.exe
0x00007ffa6c820000 - 0x00007ffa6ca10000 	C:\Windows\SYSTEM32\ntdll.dll
0x00007ffa6bb30000 - 0x00007ffa6bbe2000 	C:\Windows\System32\KERNEL32.DLL
0x00007ffa6a0b0000 - 0x00007ffa6a355000 	C:\Windows\System32\KERNELBASE.dll
0x00007ffa6a770000 - 0x00007ffa6a86a000 	C:\Windows\System32\ucrtbase.dll
0x00007ffa64f40000 - 0x00007ffa64f55000 	C:\Program Files\Java\jdk-13.0.2\bin\VCRUNTIME140.dll
0x00007ffa654d0000 - 0x00007ffa654e8000 	C:\Program Files\Java\jdk-13.0.2\bin\jli.dll
0x00007ffa6c410000 - 0x00007ffa6c4b3000 	C:\Windows\System32\ADVAPI32.dll
0x00007ffa6c740000 - 0x00007ffa6c7de000 	C:\Windows\System32\msvcrt.dll
0x00007ffa6b300000 - 0x00007ffa6b397000 	C:\Windows\System32\sechost.dll
0x00007ffa6afc0000 - 0x00007ffa6b0e0000 	C:\Windows\System32\RPCRT4.dll
0x00007ffa6b990000 - 0x00007ffa6bb25000 	C:\Windows\System32\USER32.dll
0x00007ffa6a570000 - 0x00007ffa6a591000 	C:\Windows\System32\win32u.dll
0x00007ffa6b7e0000 - 0x00007ffa6b806000 	C:\Windows\System32\GDI32.dll
0x00007ffa58520000 - 0x00007ffa587a4000 	C:\Windows\WinSxS\amd64_microsoft.windows.common-controls_6595b64144ccf1df_6.0.18362.1082_none_9e8193e1e45b25c1\COMCTL32.dll
0x00007ffa6a3d0000 - 0x00007ffa6a566000 	C:\Windows\System32\gdi32full.dll
0x00007ffa6a010000 - 0x00007ffa6a0ae000 	C:\Windows\System32\msvcp_win.dll
0x00007ffa6bbf0000 - 0x00007ffa6bf25000 	C:\Windows\System32\combase.dll
0x00007ffa6a5a0000 - 0x00007ffa6a620000 	C:\Windows\System32\bcryptPrimitives.dll
0x00007ffa63b30000 - 0x00007ffa63b3a000 	C:\Windows\SYSTEM32\VERSION.dll
0x00007ffa6b8c0000 - 0x00007ffa6b8ee000 	C:\Windows\System32\IMM32.DLL
0x00007ffa5fc30000 - 0x00007ffa5fccb000 	C:\Program Files\Java\jdk-13.0.2\bin\msvcp140.dll
0x00007ffa122c0000 - 0x00007ffa12e1d000 	C:\Program Files\Java\jdk-13.0.2\bin\server\jvm.dll
0x00007ffa6b8f0000 - 0x00007ffa6b8f8000 	C:\Windows\System32\PSAPI.DLL
0x00007ffa54410000 - 0x00007ffa54434000 	C:\Windows\SYSTEM32\WINMM.dll
0x00007ffa3b400000 - 0x00007ffa3b409000 	C:\Windows\SYSTEM32\WSOCK32.dll
0x00007ffa6b630000 - 0x00007ffa6b69f000 	C:\Windows\System32\WS2_32.dll
0x00007ffa5da00000 - 0x00007ffa5da2d000 	C:\Windows\SYSTEM32\winmmbase.dll
0x00007ffa6a380000 - 0x00007ffa6a3ca000 	C:\Windows\System32\cfgmgr32.dll
0x00007ffa69720000 - 0x00007ffa69731000 	C:\Windows\System32\kernel.appcore.dll
0x00007ffa3b3f0000 - 0x00007ffa3b400000 	C:\Program Files\Java\jdk-13.0.2\bin\verify.dll
0x00007ffa62a80000 - 0x00007ffa62c74000 	C:\Windows\SYSTEM32\DBGHELP.DLL
0x00007ffa62850000 - 0x00007ffa6287a000 	C:\Windows\SYSTEM32\dbgcore.DLL
0x00007ffa1d1f0000 - 0x00007ffa1d216000 	C:\Program Files\Java\jdk-13.0.2\bin\java.dll
0x00007ffa5fbf0000 - 0x00007ffa5fc28000 	C:\Program Files\Java\jdk-13.0.2\bin\jdwp.dll
0x00007ffa65510000 - 0x00007ffa6551e000 	C:\Program Files\Java\jdk-13.0.2\bin\instrument.dll
0x00007ffa357c0000 - 0x00007ffa357d7000 	C:\Program Files\Java\jdk-13.0.2\bin\zip.dll
0x00007ffa3a9a0000 - 0x00007ffa3a9aa000 	C:\Program Files\Java\jdk-13.0.2\bin\jimage.dll
0x00007ffa6a8d0000 - 0x00007ffa6afb7000 	C:\Windows\System32\SHELL32.dll
0x00007ffa6b810000 - 0x00007ffa6b8b9000 	C:\Windows\System32\shcore.dll
0x00007ffa69890000 - 0x00007ffa6a010000 	C:\Windows\System32\windows.storage.dll
0x00007ffa696f0000 - 0x00007ffa69713000 	C:\Windows\System32\profapi.dll
0x00007ffa69740000 - 0x00007ffa6978a000 	C:\Windows\System32\powrprof.dll
0x00007ffa696e0000 - 0x00007ffa696f0000 	C:\Windows\System32\UMPDC.dll
0x00007ffa6b1b0000 - 0x00007ffa6b202000 	C:\Windows\System32\shlwapi.dll
0x00007ffa6a360000 - 0x00007ffa6a377000 	C:\Windows\System32\cryptsp.dll
0x00007ffa654c0000 - 0x00007ffa654cb000 	C:\Program Files\Java\jdk-13.0.2\bin\dt_socket.dll
0x00007ffa68f30000 - 0x00007ffa68f97000 	C:\Windows\system32\mswsock.dll
0x00007ffa68c80000 - 0x00007ffa68d4b000 	C:\Windows\SYSTEM32\DNSAPI.dll
0x00007ffa6b290000 - 0x00007ffa6b298000 	C:\Windows\System32\NSI.dll
0x00007ffa68c40000 - 0x00007ffa68c7a000 	C:\Windows\SYSTEM32\IPHLPAPI.DLL
0x00007ffa5f400000 - 0x00007ffa5f40a000 	C:\Windows\System32\rasadhlp.dll
0x00007ffa61b70000 - 0x00007ffa61be7000 	C:\Windows\System32\fwpuclnt.dll
0x00007ffa69860000 - 0x00007ffa69886000 	C:\Windows\System32\bcrypt.dll
0x00007ffa30fc0000 - 0x00007ffa30fd9000 	C:\Program Files\Java\jdk-13.0.2\bin\net.dll
0x00007ffa602a0000 - 0x00007ffa60390000 	C:\Windows\SYSTEM32\WINHTTP.dll
0x00007ffa22a50000 - 0x00007ffa22a63000 	C:\Program Files\Java\jdk-13.0.2\bin\nio.dll
0x00007ff9f40b0000 - 0x00007ff9f40d5000 	C:\Program Files\Java\jdk-13.0.2\bin\sunec.dll
0x00007ffa68aa0000 - 0x00007ffa68ad3000 	C:\Windows\system32\rsaenh.dll
0x00007ffa69600000 - 0x00007ffa69625000 	C:\Windows\SYSTEM32\USERENV.dll
0x00007ffa69100000 - 0x00007ffa6910c000 	C:\Windows\SYSTEM32\CRYPTBASE.dll
0x00007ffa620e0000 - 0x00007ffa620f6000 	C:\Windows\SYSTEM32\dhcpcsvc6.DLL
0x00007ffa62d70000 - 0x00007ffa62d8c000 	C:\Windows\SYSTEM32\dhcpcsvc.DLL
0x00007ffa287c0000 - 0x00007ffa287ce000 	C:\Program Files\Java\jdk-13.0.2\bin\sunmscapi.dll
0x00007ffa6a620000 - 0x00007ffa6a769000 	C:\Windows\System32\CRYPT32.dll
0x00007ffa69790000 - 0x00007ffa697a2000 	C:\Windows\System32\MSASN1.dll
0x00007ffa69200000 - 0x00007ffa69226000 	C:\Windows\SYSTEM32\ncrypt.dll
0x00007ffa691c0000 - 0x00007ffa691fb000 	C:\Windows\SYSTEM32\NTASN1.dll

dbghelp: loaded successfully - version: 4.0.5 - missing functions: none
symbol engine: initialized successfully - sym options: 0x614 - pdb path: .;C:\Program Files\Java\jdk-13.0.2\bin;C:\Windows\SYSTEM32;C:\Windows\WinSxS\amd64_microsoft.windows.common-controls_6595b64144ccf1df_6.0.18362.1082_none_9e8193e1e45b25c1;C:\Program Files\Java\jdk-13.0.2\bin\server

VM Arguments:
jvm_args: -agentlib:jdwp=transport=dt_socket,suspend=y,address=localhost:53962 -javaagent:C:\Users\boshe\eclipse\java-2020-03\eclipse\configuration\org.eclipse.osgi\223\0\.cp\lib\javaagent-shaded.jar -Dfile.encoding=UTF-8 
java_command: Main
java_class_path (initial): C:\Users\boshe\eclipse-workspace\TwitterBotVG\bin;C:\Users\boshe\eclipse-workspace\TwitterBotVG\lib\twitter4j-core-4.0.7.jar
Launcher Type: SUN_STANDARD

[Global flags]
     intx CICompilerCount                          = 4                                         {product} {ergonomic}
     uint ConcGCThreads                            = 3                                         {product} {ergonomic}
     uint G1ConcRefinementThreads                  = 10                                        {product} {ergonomic}
   size_t G1HeapRegionSize                         = 1048576                                   {product} {ergonomic}
    uintx GCDrainStackTargetSize                   = 64                                        {product} {ergonomic}
   size_t InitialHeapSize                          = 266338304                                 {product} {ergonomic}
   size_t MarkStackSize                            = 4194304                                   {product} {ergonomic}
   size_t MaxHeapSize                              = 4255121408                                {product} {ergonomic}
   size_t MaxNewSize                               = 2552233984                                {product} {ergonomic}
   size_t MinHeapDeltaBytes                        = 1048576                                   {product} {ergonomic}
   size_t MinHeapSize                              = 8388608                                   {product} {ergonomic}
    uintx NonNMethodCodeHeapSize                   = 5839372                                {pd product} {ergonomic}
    uintx NonProfiledCodeHeapSize                  = 122909434                              {pd product} {ergonomic}
    uintx ProfiledCodeHeapSize                     = 122909434                              {pd product} {ergonomic}
    uintx ReservedCodeCacheSize                    = 251658240                              {pd product} {ergonomic}
     bool SegmentedCodeCache                       = true                                      {product} {ergonomic}
   size_t SoftMaxHeapSize                          = 4255121408                             {manageable} {ergonomic}
     bool UseCompressedClassPointers               = true                                 {lp64_product} {ergonomic}
     bool UseCompressedOops                        = true                                 {lp64_product} {ergonomic}
     bool UseG1GC                                  = true                                      {product} {ergonomic}
     bool UseLargePagesIndividualAllocation        = false                                  {pd product} {ergonomic}

Logging:
Log output configuration:
 #0: stdout all=warning uptime,level,tags
 #1: stderr all=off uptime,level,tags

Environment Variables:
PATH=C:/Program Files/Java/jdk-13.0.2/bin/server;C:/Program Files/Java/jdk-13.0.2/bin;C:\Program Files (x86)\Razer Chroma SDK\bin;C:\Program Files\Razer Chroma SDK\bin;C:\Program Files (x86)\Razer\ChromaBroadcast\bin;C:\Program Files\Razer\ChromaBroadcast\bin;C:\Windows\system32;C:\Windows;C:\Windows\System32\Wbem;C:\Windows\System32\WindowsPowerShell\v1.0\;C:\Windows\System32\OpenSSH\;C:\Program Files (x86)\NVIDIA Corporation\PhysX\Common;C:\Program Files\NVIDIA Corporation\NVIDIA NvDLISR;C:\Windows\system32\config\systemprofile\AppData\Local\Microsoft\WindowsApps;C:\Program Files\Git\cmd;C:\Program Files\dotnet\;C:\Program Files\Microsoft SQL Server\130\Tools\Binn\;C:\Program Files\Microsoft SQL Server\Client SDK\ODBC\170\Tools\Binn\;C:\Users\boshe\AppData\Local\Microsoft\WindowsApps;C:\Users\boshe\.dotnet\tools;C:\Windows\system32;
USERNAME=boshe
OS=Windows_NT
PROCESSOR_IDENTIFIER=Intel64 Family 6 Model 158 Stepping 10, GenuineIntel



---------------  S Y S T E M  ---------------

OS: Windows 10 , 64 bit Build 18362 (10.0.18362.1082)

CPU:total 12 (initial active 12) (6 cores per cpu, 2 threads per core) family 6 model 158 stepping 10, cmov, cx8, fxsr, mmx, sse, sse2, sse3, ssse3, sse4.1, sse4.2, popcnt, avx, avx2, aes, clmul, erms, 3dnowpref, lzcnt, ht, tsc, tscinvbit, bmi1, bmi2, adx, fma

Memory: 4k page, system-wide physical 16228M (8232M free)
TotalPageFile size 21772M (AvailPageFile size 3452M)
current process WorkingSet (physical memory assigned to process): 82M, peak: 147M
current process commit charge ("private bytes"): 361M, peak: 428M

vm_info: Java HotSpot(TM) 64-Bit Server VM (13.0.2+8) for windows-amd64 JRE (13.0.2+8), built on Dec 11 2019 09:20:33 by "mach5one" with unknown MS VC++:1916

END.
